0 info it worked if it ends with ok
1 verbose cli [ '/Users/david/.nvm/versions/node/v5.1.0/bin/node',
1 verbose cli   '/Users/david/.nvm/versions/node/v5.1.0/bin/npm',
1 verbose cli   'start' ]
2 info using npm@3.3.12
3 info using node@v5.1.0
4 verbose run-script [ 'prestart', 'start', 'poststart' ]
5 info lifecycle multivision@1.0.0~prestart: multivision@1.0.0
6 silly lifecycle multivision@1.0.0~prestart: no script for prestart, continuing
7 info lifecycle multivision@1.0.0~start: multivision@1.0.0
8 verbose lifecycle multivision@1.0.0~start: unsafe-perm in lifecycle true
9 verbose lifecycle multivision@1.0.0~start: PATH: /Users/david/.nvm/versions/node/v5.1.0/lib/node_modules/npm/bin/node-gyp-bin:/Users/david/Projects/IMS/IMS/tests/tut/multivision/node_modules/.bin:/Users/david/.nvm/versions/node/v5.1.0/bin:/Users/david/.rvm/gems/ruby-2.2.2@rails-4.2.4/bin:/Users/david/.rvm/gems/ruby-2.2.2@global/bin:/Users/david/.rvm/rubies/ruby-2.2.2/bin:/usr/local/bin:/usr/bin:/bin:/usr/sbin:/sbin:/opt/X11/bin:/Applications/Server.app/Contents/ServerRoot/usr/bin:/Applications/Server.app/Contents/ServerRoot/usr/sbin:/Users/david/.rvm/bin:/Users/david/.rvm/bin:/Users/david/.nvm/versions/node/v5.1.0/lib:~/bin:/usr/local/mysql/bin:~/data:/Users/david/.nvm/versions/node/v5.1.0/lib
10 verbose lifecycle multivision@1.0.0~start: CWD: /Users/david/Projects/IMS/IMS/tests/tut/multivision
11 silly lifecycle multivision@1.0.0~start: Args: [ '-c', 'mongod &> database-log.txt nodemon server.js' ]
12 silly lifecycle multivision@1.0.0~start: Returned: code: 1  signal: null
13 info lifecycle multivision@1.0.0~start: Failed to exec start script
14 verbose stack Error: multivision@1.0.0 start: `mongod &> database-log.txt nodemon server.js`
14 verbose stack Exit status 1
14 verbose stack     at EventEmitter.<anonymous> (/Users/david/.nvm/versions/node/v5.1.0/lib/node_modules/npm/lib/utils/lifecycle.js:232:16)
14 verbose stack     at emitTwo (events.js:87:13)
14 verbose stack     at EventEmitter.emit (events.js:172:7)
14 verbose stack     at ChildProcess.<anonymous> (/Users/david/.nvm/versions/node/v5.1.0/lib/node_modules/npm/lib/utils/spawn.js:24:14)
14 verbose stack     at emitTwo (events.js:87:13)
14 verbose stack     at ChildProcess.emit (events.js:172:7)
14 verbose stack     at maybeClose (internal/child_process.js:818:16)
14 verbose stack     at Process.ChildProcess._handle.onexit (internal/child_process.js:211:5)
15 verbose pkgid multivision@1.0.0
16 verbose cwd /Users/david/Projects/IMS/IMS/tests/tut/multivision
17 error Darwin 15.0.0
18 error argv "/Users/david/.nvm/versions/node/v5.1.0/bin/node" "/Users/david/.nvm/versions/node/v5.1.0/bin/npm" "start"
19 error node v5.1.0
20 error npm  v3.3.12
21 error code ELIFECYCLE
22 error multivision@1.0.0 start: `mongod &> database-log.txt nodemon server.js`
22 error Exit status 1
23 error Failed at the multivision@1.0.0 start script 'mongod &> database-log.txt nodemon server.js'.
23 error Make sure you have the latest version of node.js and npm installed.
23 error If you do, this is most likely a problem with the multivision package,
23 error not with npm itself.
23 error Tell the author that this fails on your system:
23 error     mongod &> database-log.txt nodemon server.js
23 error You can get their info via:
23 error     npm owner ls multivision
23 error There is likely additional logging output above.
24 verbose exit [ 1, true ]
